{"C:\\Users\\DELL\\.gemini\\antigravity\\scratch\\vms-project\\backend\\controllers\\bomController.js": {"path":"C:\\Users\\DELL\\.gemini\\antigravity\\scratch\\vms-project\\backend\\controllers\\bomController.js","statementMap":{"0":{"start":{"line":1,"column":17},"end":{"line":1,"column":36}},"1":{"start":{"line":2,"column":12},"end":{"line":2,"column":36}},"2":{"start":{"line":3,"column":20},"end":{"line":3,"column":52}},"3":{"start":{"line":4,"column":23},"end":{"line":4,"column":60}},"4":{"start":{"line":8,"column":0},"end":{"line":41,"column":2}},"5":{"start":{"line":9,"column":2},"end":{"line":40,"column":3}},"6":{"start":{"line":10,"column":31},"end":{"line":10,"column":40}},"7":{"start":{"line":11,"column":19},"end":{"line":11,"column":21}},"8":{"start":{"line":13,"column":4},"end":{"line":17,"column":5}},"9":{"start":{"line":14,"column":6},"end":{"line":14,"column":29}},"10":{"start":{"line":16,"column":6},"end":{"line":16,"column":42}},"11":{"start":{"line":19,"column":15},"end":{"line":23,"column":13}},"12":{"start":{"line":25,"column":4},"end":{"line":32,"column":5}},"13":{"start":{"line":26,"column":19},"end":{"line":26,"column":46}},"14":{"start":{"line":27,"column":6},"end":{"line":31,"column":9}},"15":{"start":{"line":28,"column":25},"end":{"line":28,"column":48}},"16":{"start":{"line":29,"column":25},"end":{"line":29,"column":48}},"17":{"start":{"line":30,"column":8},"end":{"line":30,"column":94}},"18":{"start":{"line":35,"column":4},"end":{"line":35,"column":59}},"19":{"start":{"line":37,"column":4},"end":{"line":37,"column":76}},"20":{"start":{"line":39,"column":4},"end":{"line":39,"column":14}},"21":{"start":{"line":45,"column":0},"end":{"line":70,"column":2}},"22":{"start":{"line":46,"column":2},"end":{"line":69,"column":3}},"23":{"start":{"line":47,"column":14},"end":{"line":56,"column":13}},"24":{"start":{"line":58,"column":4},"end":{"line":60,"column":5}},"25":{"start":{"line":59,"column":6},"end":{"line":59,"column":78}},"26":{"start":{"line":63,"column":26},"end":{"line":63,"column":74}},"27":{"start":{"line":64,"column":4},"end":{"line":64,"column":27}},"28":{"start":{"line":66,"column":4},"end":{"line":66,"column":55}},"29":{"start":{"line":68,"column":4},"end":{"line":68,"column":14}},"30":{"start":{"line":74,"column":0},"end":{"line":114,"column":2}},"31":{"start":{"line":75,"column":2},"end":{"line":113,"column":3}},"32":{"start":{"line":76,"column":93},"end":{"line":76,"column":101}},"33":{"start":{"line":79,"column":18},"end":{"line":79,"column":70}},"34":{"start":{"line":80,"column":35},"end":{"line":80,"column":91}},"35":{"start":{"line":83,"column":28},"end":{"line":87,"column":7}},"36":{"start":{"line":83,"column":57},"end":{"line":87,"column":5}},"37":{"start":{"line":89,"column":19},"end":{"line":100,"column":6}},"38":{"start":{"line":102,"column":4},"end":{"line":108,"column":7}},"39":{"start":{"line":110,"column":4},"end":{"line":110,"column":58}},"40":{"start":{"line":112,"column":4},"end":{"line":112,"column":14}},"41":{"start":{"line":118,"column":0},"end":{"line":221,"column":2}},"42":{"start":{"line":120,"column":16},"end":{"line":120,"column":20}},"43":{"start":{"line":121,"column":2},"end":{"line":127,"column":3}},"44":{"start":{"line":122,"column":4},"end":{"line":122,"column":44}},"45":{"start":{"line":123,"column":4},"end":{"line":123,"column":31}},"46":{"start":{"line":126,"column":4},"end":{"line":126,"column":19}},"47":{"start":{"line":129,"column":2},"end":{"line":220,"column":3}},"48":{"start":{"line":130,"column":91},"end":{"line":130,"column":99}},"49":{"start":{"line":132,"column":16},"end":{"line":132,"column":49}},"50":{"start":{"line":133,"column":4},"end":{"line":136,"column":5}},"51":{"start":{"line":134,"column":6},"end":{"line":134,"column":52}},"52":{"start":{"line":134,"column":19},"end":{"line":134,"column":52}},"53":{"start":{"line":135,"column":6},"end":{"line":135,"column":90}},"54":{"start":{"line":139,"column":4},"end":{"line":145,"column":5}},"55":{"start":{"line":140,"column":6},"end":{"line":140,"column":52}},"56":{"start":{"line":140,"column":19},"end":{"line":140,"column":52}},"57":{"start":{"line":141,"column":6},"end":{"line":144,"column":9}},"58":{"start":{"line":147,"column":18},"end":{"line":147,"column":77}},"59":{"start":{"line":150,"column":35},"end":{"line":150,"column":91}},"60":{"start":{"line":151,"column":28},"end":{"line":155,"column":7}},"61":{"start":{"line":151,"column":57},"end":{"line":155,"column":5}},"62":{"start":{"line":172,"column":4},"end":{"line":172,"column":28}},"63":{"start":{"line":173,"column":4},"end":{"line":173,"column":56}},"64":{"start":{"line":174,"column":4},"end":{"line":174,"column":32}},"65":{"start":{"line":177,"column":23},"end":{"line":188,"column":5}},"66":{"start":{"line":190,"column":4},"end":{"line":212,"column":5}},"67":{"start":{"line":191,"column":6},"end":{"line":191,"column":62}},"68":{"start":{"line":192,"column":6},"end":{"line":192,"column":31}},"69":{"start":{"line":194,"column":6},"end":{"line":200,"column":23}},"70":{"start":{"line":202,"column":6},"end":{"line":202,"column":40}},"71":{"start":{"line":204,"column":6},"end":{"line":204,"column":47}},"72":{"start":{"line":205,"column":6},"end":{"line":211,"column":9}},"73":{"start":{"line":214,"column":4},"end":{"line":214,"column":61}},"74":{"start":{"line":216,"column":4},"end":{"line":216,"column":50}},"75":{"start":{"line":216,"column":17},"end":{"line":216,"column":50}},"76":{"start":{"line":217,"column":4},"end":{"line":217,"column":14}},"77":{"start":{"line":219,"column":4},"end":{"line":219,"column":38}},"78":{"start":{"line":219,"column":17},"end":{"line":219,"column":38}},"79":{"start":{"line":225,"column":0},"end":{"line":247,"column":2}},"80":{"start":{"line":226,"column":2},"end":{"line":246,"column":3}},"81":{"start":{"line":227,"column":16},"end":{"line":227,"column":49}},"82":{"start":{"line":228,"column":4},"end":{"line":230,"column":5}},"83":{"start":{"line":229,"column":6},"end":{"line":229,"column":78}},"84":{"start":{"line":232,"column":4},"end":{"line":232,"column":28}},"85":{"start":{"line":233,"column":4},"end":{"line":233,"column":56}},"86":{"start":{"line":234,"column":4},"end":{"line":234,"column":21}},"87":{"start":{"line":236,"column":4},"end":{"line":241,"column":7}},"88":{"start":{"line":243,"column":4},"end":{"line":243,"column":81}},"89":{"start":{"line":245,"column":4},"end":{"line":245,"column":14}},"90":{"start":{"line":251,"column":0},"end":{"line":283,"column":2}},"91":{"start":{"line":252,"column":2},"end":{"line":282,"column":3}},"92":{"start":{"line":253,"column":16},"end":{"line":253,"column":49}},"93":{"start":{"line":254,"column":4},"end":{"line":256,"column":5}},"94":{"start":{"line":255,"column":6},"end":{"line":255,"column":78}},"95":{"start":{"line":258,"column":19},"end":{"line":269,"column":6}},"96":{"start":{"line":271,"column":4},"end":{"line":277,"column":7}},"97":{"start":{"line":279,"column":4},"end":{"line":279,"column":58}},"98":{"start":{"line":281,"column":4},"end":{"line":281,"column":14}},"99":{"start":{"line":287,"column":0},"end":{"line":317,"column":2}},"100":{"start":{"line":288,"column":2},"end":{"line":316,"column":3}},"101":{"start":{"line":289,"column":18},"end":{"line":289,"column":31}},"102":{"start":{"line":290,"column":16},"end":{"line":290,"column":41}},"103":{"start":{"line":291,"column":4},"end":{"line":291,"column":86}},"104":{"start":{"line":291,"column":14},"end":{"line":291,"column":86}},"105":{"start":{"line":293,"column":17},"end":{"line":293,"column":22}},"106":{"start":{"line":294,"column":18},"end":{"line":294,"column":21}},"107":{"start":{"line":295,"column":4},"end":{"line":299,"column":5}},"108":{"start":{"line":296,"column":6},"end":{"line":296,"column":41}},"109":{"start":{"line":297,"column":6},"end":{"line":297,"column":43}},"110":{"start":{"line":298,"column":6},"end":{"line":298,"column":26}},"111":{"start":{"line":298,"column":20},"end":{"line":298,"column":26}},"112":{"start":{"line":301,"column":18},"end":{"line":309,"column":72}},"113":{"start":{"line":311,"column":4},"end":{"line":311,"column":65}},"114":{"start":{"line":313,"column":4},"end":{"line":313,"column":59}},"115":{"start":{"line":315,"column":4},"end":{"line":315,"column":14}}},"fnMap":{"0":{"name":"(anonymous_0)","decl":{"start":{"line":8,"column":18},"end":{"line":8,"column":19}},"loc":{"start":{"line":8,"column":44},"end":{"line":41,"column":1}},"line":8},"1":{"name":"(anonymous_1)","decl":{"start":{"line":27,"column":25},"end":{"line":27,"column":26}},"loc":{"start":{"line":27,"column":32},"end":{"line":31,"column":7}},"line":27},"2":{"name":"(anonymous_2)","decl":{"start":{"line":45,"column":17},"end":{"line":45,"column":18}},"loc":{"start":{"line":45,"column":43},"end":{"line":70,"column":1}},"line":45},"3":{"name":"(anonymous_3)","decl":{"start":{"line":74,"column":20},"end":{"line":74,"column":21}},"loc":{"start":{"line":74,"column":46},"end":{"line":114,"column":1}},"line":74},"4":{"name":"(anonymous_4)","decl":{"start":{"line":83,"column":51},"end":{"line":83,"column":52}},"loc":{"start":{"line":83,"column":57},"end":{"line":87,"column":5}},"line":83},"5":{"name":"(anonymous_5)","decl":{"start":{"line":118,"column":20},"end":{"line":118,"column":21}},"loc":{"start":{"line":118,"column":46},"end":{"line":221,"column":1}},"line":118},"6":{"name":"(anonymous_6)","decl":{"start":{"line":151,"column":51},"end":{"line":151,"column":52}},"loc":{"start":{"line":151,"column":57},"end":{"line":155,"column":5}},"line":151},"7":{"name":"(anonymous_7)","decl":{"start":{"line":225,"column":20},"end":{"line":225,"column":21}},"loc":{"start":{"line":225,"column":46},"end":{"line":247,"column":1}},"line":225},"8":{"name":"(anonymous_8)","decl":{"start":{"line":251,"column":23},"end":{"line":251,"column":24}},"loc":{"start":{"line":251,"column":49},"end":{"line":283,"column":1}},"line":251},"9":{"name":"(anonymous_9)","decl":{"start":{"line":287,"column":24},"end":{"line":287,"column":25}},"loc":{"start":{"line":287,"column":50},"end":{"line":317,"column":1}},"line":287}},"branchMap":{"0":{"loc":{"start":{"line":13,"column":4},"end":{"line":17,"column":5}},"type":"if","locations":[{"start":{"line":13,"column":4},"end":{"line":17,"column":5}},{"start":{"line":15,"column":11},"end":{"line":17,"column":5}}],"line":13},"1":{"loc":{"start":{"line":13,"column":8},"end":{"line":13,"column":34}},"type":"binary-expr","locations":[{"start":{"line":13,"column":8},"end":{"line":13,"column":14}},{"start":{"line":13,"column":18},"end":{"line":13,"column":34}}],"line":13},"2":{"loc":{"start":{"line":25,"column":4},"end":{"line":32,"column":5}},"type":"if","locations":[{"start":{"line":25,"column":4},"end":{"line":32,"column":5}},{"start":{},"end":{}}],"line":25},"3":{"loc":{"start":{"line":25,"column":8},"end":{"line":25,"column":31}},"type":"binary-expr","locations":[{"start":{"line":25,"column":8},"end":{"line":25,"column":14}},{"start":{"line":25,"column":18},"end":{"line":25,"column":31}}],"line":25},"4":{"loc":{"start":{"line":28,"column":25},"end":{"line":28,"column":48}},"type":"binary-expr","locations":[{"start":{"line":28,"column":25},"end":{"line":28,"column":42}},{"start":{"line":28,"column":46},"end":{"line":28,"column":48}}],"line":28},"5":{"loc":{"start":{"line":29,"column":25},"end":{"line":29,"column":48}},"type":"binary-expr","locations":[{"start":{"line":29,"column":25},"end":{"line":29,"column":42}},{"start":{"line":29,"column":46},"end":{"line":29,"column":48}}],"line":29},"6":{"loc":{"start":{"line":30,"column":15},"end":{"line":30,"column":93}},"type":"binary-expr","locations":[{"start":{"line":30,"column":15},"end":{"line":30,"column":52}},{"start":{"line":30,"column":56},"end":{"line":30,"column":93}}],"line":30},"7":{"loc":{"start":{"line":58,"column":4},"end":{"line":60,"column":5}},"type":"if","locations":[{"start":{"line":58,"column":4},"end":{"line":60,"column":5}},{"start":{},"end":{}}],"line":58},"8":{"loc":{"start":{"line":79,"column":18},"end":{"line":79,"column":70}},"type":"cond-expr","locations":[{"start":{"line":79,"column":34},"end":{"line":79,"column":57}},{"start":{"line":79,"column":60},"end":{"line":79,"column":70}}],"line":79},"9":{"loc":{"start":{"line":95,"column":25},"end":{"line":95,"column":50}},"type":"binary-expr","locations":[{"start":{"line":95,"column":25},"end":{"line":95,"column":42}},{"start":{"line":95,"column":46},"end":{"line":95,"column":50}}],"line":95},"10":{"loc":{"start":{"line":98,"column":17},"end":{"line":98,"column":52}},"type":"cond-expr","locations":[{"start":{"line":98,"column":28},"end":{"line":98,"column":41}},{"start":{"line":98,"column":44},"end":{"line":98,"column":52}}],"line":98},"11":{"loc":{"start":{"line":99,"column":17},"end":{"line":99,"column":52}},"type":"cond-expr","locations":[{"start":{"line":99,"column":28},"end":{"line":99,"column":41}},{"start":{"line":99,"column":44},"end":{"line":99,"column":52}}],"line":99},"12":{"loc":{"start":{"line":105,"column":19},"end":{"line":105,"column":54}},"type":"cond-expr","locations":[{"start":{"line":105,"column":30},"end":{"line":105,"column":43}},{"start":{"line":105,"column":46},"end":{"line":105,"column":54}}],"line":105},"13":{"loc":{"start":{"line":106,"column":17},"end":{"line":106,"column":68}},"type":"binary-expr","locations":[{"start":{"line":106,"column":17},"end":{"line":106,"column":23}},{"start":{"line":106,"column":27},"end":{"line":106,"column":55}},{"start":{"line":106,"column":59},"end":{"line":106,"column":68}}],"line":106},"14":{"loc":{"start":{"line":133,"column":4},"end":{"line":136,"column":5}},"type":"if","locations":[{"start":{"line":133,"column":4},"end":{"line":136,"column":5}},{"start":{},"end":{}}],"line":133},"15":{"loc":{"start":{"line":133,"column":8},"end":{"line":133,"column":41}},"type":"binary-expr","locations":[{"start":{"line":133,"column":8},"end":{"line":133,"column":12}},{"start":{"line":133,"column":16},"end":{"line":133,"column":41}}],"line":133},"16":{"loc":{"start":{"line":134,"column":6},"end":{"line":134,"column":52}},"type":"if","locations":[{"start":{"line":134,"column":6},"end":{"line":134,"column":52}},{"start":{},"end":{}}],"line":134},"17":{"loc":{"start":{"line":139,"column":4},"end":{"line":145,"column":5}},"type":"if","locations":[{"start":{"line":139,"column":4},"end":{"line":145,"column":5}},{"start":{},"end":{}}],"line":139},"18":{"loc":{"start":{"line":139,"column":8},"end":{"line":139,"column":64}},"type":"binary-expr","locations":[{"start":{"line":139,"column":8},"end":{"line":139,"column":29}},{"start":{"line":139,"column":33},"end":{"line":139,"column":64}}],"line":139},"19":{"loc":{"start":{"line":140,"column":6},"end":{"line":140,"column":52}},"type":"if","locations":[{"start":{"line":140,"column":6},"end":{"line":140,"column":52}},{"start":{},"end":{}}],"line":140},"20":{"loc":{"start":{"line":147,"column":18},"end":{"line":147,"column":77}},"type":"cond-expr","locations":[{"start":{"line":147,"column":34},"end":{"line":147,"column":57}},{"start":{"line":147,"column":60},"end":{"line":147,"column":77}}],"line":147},"21":{"loc":{"start":{"line":173,"column":20},"end":{"line":173,"column":55}},"type":"cond-expr","locations":[{"start":{"line":173,"column":31},"end":{"line":173,"column":44}},{"start":{"line":173,"column":47},"end":{"line":173,"column":55}}],"line":173},"22":{"loc":{"start":{"line":185,"column":14},"end":{"line":185,"column":32}},"type":"binary-expr","locations":[{"start":{"line":185,"column":14},"end":{"line":185,"column":20}},{"start":{"line":185,"column":24},"end":{"line":185,"column":32}}],"line":185},"23":{"loc":{"start":{"line":186,"column":17},"end":{"line":186,"column":52}},"type":"cond-expr","locations":[{"start":{"line":186,"column":28},"end":{"line":186,"column":41}},{"start":{"line":186,"column":44},"end":{"line":186,"column":52}}],"line":186},"24":{"loc":{"start":{"line":187,"column":17},"end":{"line":187,"column":52}},"type":"cond-expr","locations":[{"start":{"line":187,"column":28},"end":{"line":187,"column":41}},{"start":{"line":187,"column":44},"end":{"line":187,"column":52}}],"line":187},"25":{"loc":{"start":{"line":190,"column":4},"end":{"line":212,"column":5}},"type":"if","locations":[{"start":{"line":190,"column":4},"end":{"line":212,"column":5}},{"start":{"line":203,"column":11},"end":{"line":212,"column":5}}],"line":190},"26":{"loc":{"start":{"line":197,"column":21},"end":{"line":197,"column":56}},"type":"cond-expr","locations":[{"start":{"line":197,"column":32},"end":{"line":197,"column":45}},{"start":{"line":197,"column":48},"end":{"line":197,"column":56}}],"line":197},"27":{"loc":{"start":{"line":198,"column":19},"end":{"line":198,"column":70}},"type":"binary-expr","locations":[{"start":{"line":198,"column":19},"end":{"line":198,"column":25}},{"start":{"line":198,"column":29},"end":{"line":198,"column":57}},{"start":{"line":198,"column":61},"end":{"line":198,"column":70}}],"line":198},"28":{"loc":{"start":{"line":208,"column":21},"end":{"line":208,"column":56}},"type":"cond-expr","locations":[{"start":{"line":208,"column":32},"end":{"line":208,"column":45}},{"start":{"line":208,"column":48},"end":{"line":208,"column":56}}],"line":208},"29":{"loc":{"start":{"line":209,"column":19},"end":{"line":209,"column":70}},"type":"binary-expr","locations":[{"start":{"line":209,"column":19},"end":{"line":209,"column":25}},{"start":{"line":209,"column":29},"end":{"line":209,"column":57}},{"start":{"line":209,"column":61},"end":{"line":209,"column":70}}],"line":209},"30":{"loc":{"start":{"line":216,"column":4},"end":{"line":216,"column":50}},"type":"if","locations":[{"start":{"line":216,"column":4},"end":{"line":216,"column":50}},{"start":{},"end":{}}],"line":216},"31":{"loc":{"start":{"line":219,"column":4},"end":{"line":219,"column":38}},"type":"if","locations":[{"start":{"line":219,"column":4},"end":{"line":219,"column":38}},{"start":{},"end":{}}],"line":219},"32":{"loc":{"start":{"line":228,"column":4},"end":{"line":230,"column":5}},"type":"if","locations":[{"start":{"line":228,"column":4},"end":{"line":230,"column":5}},{"start":{},"end":{}}],"line":228},"33":{"loc":{"start":{"line":233,"column":20},"end":{"line":233,"column":55}},"type":"cond-expr","locations":[{"start":{"line":233,"column":31},"end":{"line":233,"column":44}},{"start":{"line":233,"column":47},"end":{"line":233,"column":55}}],"line":233},"34":{"loc":{"start":{"line":239,"column":19},"end":{"line":239,"column":54}},"type":"cond-expr","locations":[{"start":{"line":239,"column":30},"end":{"line":239,"column":43}},{"start":{"line":239,"column":46},"end":{"line":239,"column":54}}],"line":239},"35":{"loc":{"start":{"line":240,"column":17},"end":{"line":240,"column":68}},"type":"binary-expr","locations":[{"start":{"line":240,"column":17},"end":{"line":240,"column":23}},{"start":{"line":240,"column":27},"end":{"line":240,"column":55}},{"start":{"line":240,"column":59},"end":{"line":240,"column":68}}],"line":240},"36":{"loc":{"start":{"line":254,"column":4},"end":{"line":256,"column":5}},"type":"if","locations":[{"start":{"line":254,"column":4},"end":{"line":256,"column":5}},{"start":{},"end":{}}],"line":254},"37":{"loc":{"start":{"line":267,"column":17},"end":{"line":267,"column":52}},"type":"cond-expr","locations":[{"start":{"line":267,"column":28},"end":{"line":267,"column":41}},{"start":{"line":267,"column":44},"end":{"line":267,"column":52}}],"line":267},"38":{"loc":{"start":{"line":268,"column":17},"end":{"line":268,"column":52}},"type":"cond-expr","locations":[{"start":{"line":268,"column":28},"end":{"line":268,"column":41}},{"start":{"line":268,"column":44},"end":{"line":268,"column":52}}],"line":268},"39":{"loc":{"start":{"line":274,"column":19},"end":{"line":274,"column":54}},"type":"cond-expr","locations":[{"start":{"line":274,"column":30},"end":{"line":274,"column":43}},{"start":{"line":274,"column":46},"end":{"line":274,"column":54}}],"line":274},"40":{"loc":{"start":{"line":275,"column":17},"end":{"line":275,"column":68}},"type":"binary-expr","locations":[{"start":{"line":275,"column":17},"end":{"line":275,"column":23}},{"start":{"line":275,"column":27},"end":{"line":275,"column":55}},{"start":{"line":275,"column":59},"end":{"line":275,"column":68}}],"line":275},"41":{"loc":{"start":{"line":291,"column":4},"end":{"line":291,"column":86}},"type":"if","locations":[{"start":{"line":291,"column":4},"end":{"line":291,"column":86}},{"start":{},"end":{}}],"line":291},"42":{"loc":{"start":{"line":298,"column":6},"end":{"line":298,"column":26}},"type":"if","locations":[{"start":{"line":298,"column":6},"end":{"line":298,"column":26}},{"start":{},"end":{}}],"line":298}},"s":{"0":1,"1":1,"2":1,"3":1,"4":1,"5":0,"6":0,"7":0,"8":0,"9":0,"10":0,"11":0,"12":0,"13":0,"14":0,"15":0,"16":0,"17":0,"18":0,"19":0,"20":0,"21":1,"22":0,"23":0,"24":0,"25":0,"26":0,"27":0,"28":0,"29":0,"30":1,"31":1,"32":1,"33":1,"34":1,"35":1,"36":1,"37":1,"38":1,"39":1,"40":0,"41":1,"42":1,"43":1,"44":1,"45":1,"46":0,"47":1,"48":1,"49":1,"50":1,"51":0,"52":0,"53":0,"54":1,"55":0,"56":0,"57":0,"58":1,"59":1,"60":1,"61":1,"62":1,"63":1,"64":1,"65":0,"66":0,"67":0,"68":0,"69":0,"70":0,"71":0,"72":0,"73":0,"74":1,"75":1,"76":1,"77":1,"78":1,"79":1,"80":0,"81":0,"82":0,"83":0,"84":0,"85":0,"86":0,"87":0,"88":0,"89":0,"90":1,"91":0,"92":0,"93":0,"94":0,"95":0,"96":0,"97":0,"98":0,"99":1,"100":0,"101":0,"102":0,"103":0,"104":0,"105":0,"106":0,"107":0,"108":0,"109":0,"110":0,"111":0,"112":0,"113":0,"114":0,"115":0},"f":{"0":0,"1":0,"2":0,"3":1,"4":1,"5":1,"6":1,"7":0,"8":0,"9":0},"b":{"0":[0,0],"1":[0,0],"2":[0,0],"3":[0,0],"4":[0,0],"5":[0,0],"6":[0,0],"7":[0,0],"8":[0,1],"9":[1,1],"10":[1,0],"11":[1,0],"12":[1,0],"13":[1,0,0],"14":[0,1],"15":[1,1],"16":[0,0],"17":[0,1],"18":[1,1],"19":[0,0],"20":[0,1],"21":[1,0],"22":[0,0],"23":[0,0],"24":[0,0],"25":[0,0],"26":[0,0],"27":[0,0,0],"28":[0,0],"29":[0,0,0],"30":[1,0],"31":[1,0],"32":[0,0],"33":[0,0],"34":[0,0],"35":[0,0,0],"36":[0,0],"37":[0,0],"38":[0,0],"39":[0,0],"40":[0,0,0],"41":[0,0],"42":[0,0]},"_coverageSchema":"1a1c01bbd47fc00a2c39e90264f33305004495a9","hash":"b921d854fd4f15a2bf47a966df401693b6535fcd"}
,"C:\\Users\\DELL\\.gemini\\antigravity\\scratch\\vms-project\\backend\\middleware\\errorHandler.js": {"path":"C:\\Users\\DELL\\.gemini\\antigravity\\scratch\\vms-project\\backend\\middleware\\errorHandler.js","statementMap":{"0":{"start":{"line":1,"column":0},"end":{"line":25,"column":2}},"1":{"start":{"line":2,"column":2},"end":{"line":2,"column":66}},"2":{"start":{"line":4,"column":2},"end":{"line":10,"column":3}},"3":{"start":{"line":5,"column":4},"end":{"line":9,"column":7}},"4":{"start":{"line":12,"column":2},"end":{"line":18,"column":3}},"5":{"start":{"line":13,"column":4},"end":{"line":17,"column":7}},"6":{"start":{"line":20,"column":2},"end":{"line":24,"column":5}}},"fnMap":{"0":{"name":"(anonymous_0)","decl":{"start":{"line":1,"column":17},"end":{"line":1,"column":18}},"loc":{"start":{"line":1,"column":42},"end":{"line":25,"column":1}},"line":1}},"branchMap":{"0":{"loc":{"start":{"line":4,"column":2},"end":{"line":10,"column":3}},"type":"if","locations":[{"start":{"line":4,"column":2},"end":{"line":10,"column":3}},{"start":{},"end":{}}],"line":4},"1":{"loc":{"start":{"line":4,"column":6},"end":{"line":4,"column":83}},"type":"binary-expr","locations":[{"start":{"line":4,"column":6},"end":{"line":4,"column":36}},{"start":{"line":4,"column":40},"end":{"line":4,"column":83}}],"line":4},"2":{"loc":{"start":{"line":12,"column":2},"end":{"line":18,"column":3}},"type":"if","locations":[{"start":{"line":12,"column":2},"end":{"line":18,"column":3}},{"start":{},"end":{}}],"line":12}},"s":{"0":1,"1":1,"2":1,"3":0,"4":1,"5":0,"6":1},"f":{"0":1},"b":{"0":[0,1],"1":[1,1],"2":[0,1]},"_coverageSchema":"1a1c01bbd47fc00a2c39e90264f33305004495a9","hash":"8dec50b89090e42b7aa0eca7af29c3bd3612254e"}
,"C:\\Users\\DELL\\.gemini\\antigravity\\scratch\\vms-project\\backend\\models\\BOM.js": {"path":"C:\\Users\\DELL\\.gemini\\antigravity\\scratch\\vms-project\\backend\\models\\BOM.js","statementMap":{"0":{"start":{"line":1,"column":17},"end":{"line":1,"column":36}},"1":{"start":{"line":3,"column":27},"end":{"line":21,"column":18}},"2":{"start":{"line":23,"column":18},"end":{"line":76,"column":2}},"3":{"start":{"line":42,"column":8},"end":{"line":42,"column":33}},"4":{"start":{"line":79,"column":0},"end":{"line":79,"column":34}},"5":{"start":{"line":80,"column":0},"end":{"line":80,"column":43}},"6":{"start":{"line":81,"column":0},"end":{"line":81,"column":31}},"7":{"start":{"line":83,"column":0},"end":{"line":83,"column":50}}},"fnMap":{"0":{"name":"(anonymous_0)","decl":{"start":{"line":41,"column":17},"end":{"line":41,"column":18}},"loc":{"start":{"line":41,"column":29},"end":{"line":43,"column":7}},"line":41}},"branchMap":{"0":{"loc":{"start":{"line":42,"column":15},"end":{"line":42,"column":32}},"type":"binary-expr","locations":[{"start":{"line":42,"column":15},"end":{"line":42,"column":16}},{"start":{"line":42,"column":20},"end":{"line":42,"column":32}}],"line":42}},"s":{"0":3,"1":3,"2":3,"3":6,"4":3,"5":3,"6":3,"7":3},"f":{"0":6},"b":{"0":[6,6]},"_coverageSchema":"1a1c01bbd47fc00a2c39e90264f33305004495a9","hash":"55726defc86b730d61fe607f414f9a00bb0f8699"}
,"C:\\Users\\DELL\\.gemini\\antigravity\\scratch\\vms-project\\backend\\models\\BOMAuditLog.js": {"path":"C:\\Users\\DELL\\.gemini\\antigravity\\scratch\\vms-project\\backend\\models\\BOMAuditLog.js","statementMap":{"0":{"start":{"line":1,"column":17},"end":{"line":1,"column":36}},"1":{"start":{"line":3,"column":26},"end":{"line":26,"column":24}},"2":{"start":{"line":29,"column":0},"end":{"line":29,"column":53}},"3":{"start":{"line":31,"column":0},"end":{"line":31,"column":66}}},"fnMap":{},"branchMap":{},"s":{"0":1,"1":1,"2":1,"3":1},"f":{},"b":{},"_coverageSchema":"1a1c01bbd47fc00a2c39e90264f33305004495a9","hash":"6a0d1350acb167e819de71f20fd90e8654ed7bd4"}
,"C:\\Users\\DELL\\.gemini\\antigravity\\scratch\\vms-project\\backend\\models\\MPN.js": {"path":"C:\\Users\\DELL\\.gemini\\antigravity\\scratch\\vms-project\\backend\\models\\MPN.js","statementMap":{"0":{"start":{"line":1,"column":17},"end":{"line":1,"column":36}},"1":{"start":{"line":3,"column":18},"end":{"line":83,"column":2}},"2":{"start":{"line":85,"column":0},"end":{"line":85,"column":100}},"3":{"start":{"line":87,"column":0},"end":{"line":87,"column":50}}},"fnMap":{},"branchMap":{},"s":{"0":3,"1":3,"2":3,"3":3},"f":{},"b":{},"_coverageSchema":"1a1c01bbd47fc00a2c39e90264f33305004495a9","hash":"d143d6c14dd686c1ccb220e10e4d5bdffc147e66"}
,"C:\\Users\\DELL\\.gemini\\antigravity\\scratch\\vms-project\\backend\\models\\MPNPriceHistory.js": {"path":"C:\\Users\\DELL\\.gemini\\antigravity\\scratch\\vms-project\\backend\\models\\MPNPriceHistory.js","statementMap":{"0":{"start":{"line":1,"column":17},"end":{"line":1,"column":36}},"1":{"start":{"line":3,"column":30},"end":{"line":28,"column":24}},"2":{"start":{"line":31,"column":0},"end":{"line":31,"column":61}},"3":{"start":{"line":33,"column":0},"end":{"line":33,"column":74}}},"fnMap":{},"branchMap":{},"s":{"0":2,"1":2,"2":2,"3":2},"f":{},"b":{},"_coverageSchema":"1a1c01bbd47fc00a2c39e90264f33305004495a9","hash":"b6668b9b030cba69e91ac4f97bc6ad6f01eafc83"}
,"C:\\Users\\DELL\\.gemini\\antigravity\\scratch\\vms-project\\backend\\models\\Material.js": {"path":"C:\\Users\\DELL\\.gemini\\antigravity\\scratch\\vms-project\\backend\\models\\Material.js","statementMap":{"0":{"start":{"line":1,"column":17},"end":{"line":1,"column":36}},"1":{"start":{"line":3,"column":23},"end":{"line":51,"column":2}},"2":{"start":{"line":53,"column":0},"end":{"line":53,"column":60}}},"fnMap":{},"branchMap":{},"s":{"0":2,"1":2,"2":2},"f":{},"b":{},"_coverageSchema":"1a1c01bbd47fc00a2c39e90264f33305004495a9","hash":"48f9ce710980b663380c25b4894d8f01e0b192e7"}
,"C:\\Users\\DELL\\.gemini\\antigravity\\scratch\\vms-project\\backend\\models\\Vendor.js": {"path":"C:\\Users\\DELL\\.gemini\\antigravity\\scratch\\vms-project\\backend\\models\\Vendor.js","statementMap":{"0":{"start":{"line":1,"column":17},"end":{"line":1,"column":36}},"1":{"start":{"line":3,"column":21},"end":{"line":157,"column":2}},"2":{"start":{"line":70,"column":8},"end":{"line":70,"column":40}},"3":{"start":{"line":70,"column":28},"end":{"line":70,"column":40}},"4":{"start":{"line":71,"column":8},"end":{"line":71,"column":84}},"5":{"start":{"line":73,"column":24},"end":{"line":73,"column":75}},"6":{"start":{"line":159,"column":0},"end":{"line":159,"column":56}}},"fnMap":{"0":{"name":"(anonymous_0)","decl":{"start":{"line":69,"column":17},"end":{"line":69,"column":18}},"loc":{"start":{"line":69,"column":30},"end":{"line":72,"column":7}},"line":69},"1":{"name":"(anonymous_1)","decl":{"start":{"line":73,"column":15},"end":{"line":73,"column":16}},"loc":{"start":{"line":73,"column":24},"end":{"line":73,"column":75}},"line":73}},"branchMap":{"0":{"loc":{"start":{"line":70,"column":8},"end":{"line":70,"column":40}},"type":"if","locations":[{"start":{"line":70,"column":8},"end":{"line":70,"column":40}},{"start":{},"end":{}}],"line":70},"1":{"loc":{"start":{"line":70,"column":12},"end":{"line":70,"column":26}},"type":"binary-expr","locations":[{"start":{"line":70,"column":12},"end":{"line":70,"column":14}},{"start":{"line":70,"column":18},"end":{"line":70,"column":26}}],"line":70}},"s":{"0":1,"1":1,"2":1,"3":1,"4":0,"5":0,"6":1},"f":{"0":1,"1":0},"b":{"0":[1,0],"1":[1,0]},"_coverageSchema":"1a1c01bbd47fc00a2c39e90264f33305004495a9","hash":"9bb6ed03518d580b0295a05a1b8e24e5c24c7f39"}
,"C:\\Users\\DELL\\.gemini\\antigravity\\scratch\\vms-project\\backend\\services\\bomCostService.js": {"path":"C:\\Users\\DELL\\.gemini\\antigravity\\scratch\\vms-project\\backend\\services\\bomCostService.js","statementMap":{"0":{"start":{"line":1,"column":12},"end":{"line":1,"column":36}},"1":{"start":{"line":2,"column":24},"end":{"line":2,"column":60}},"2":{"start":{"line":12,"column":0},"end":{"line":90,"column":2}},"3":{"start":{"line":13,"column":2},"end":{"line":15,"column":3}},"4":{"start":{"line":14,"column":4},"end":{"line":14,"column":52}},"5":{"start":{"line":18,"column":17},"end":{"line":18,"column":45}},"6":{"start":{"line":18,"column":37},"end":{"line":18,"column":44}},"7":{"start":{"line":19,"column":15},"end":{"line":19,"column":55}},"8":{"start":{"line":23,"column":20},"end":{"line":32,"column":4}},"9":{"start":{"line":34,"column":21},"end":{"line":34,"column":23}},"10":{"start":{"line":35,"column":2},"end":{"line":37,"column":3}},"11":{"start":{"line":36,"column":4},"end":{"line":36,"column":49}},"12":{"start":{"line":40,"column":17},"end":{"line":40,"column":19}},"13":{"start":{"line":41,"column":2},"end":{"line":43,"column":3}},"14":{"start":{"line":42,"column":4},"end":{"line":42,"column":33}},"15":{"start":{"line":45,"column":18},"end":{"line":45,"column":19}},"16":{"start":{"line":46,"column":29},"end":{"line":46,"column":31}},"17":{"start":{"line":48,"column":2},"end":{"line":87,"column":3}},"18":{"start":{"line":49,"column":16},"end":{"line":49,"column":45}},"19":{"start":{"line":50,"column":4},"end":{"line":52,"column":5}},"20":{"start":{"line":51,"column":6},"end":{"line":51,"column":61}},"21":{"start":{"line":55,"column":26},"end":{"line":57,"column":17}},"22":{"start":{"line":59,"column":4},"end":{"line":61,"column":5}},"23":{"start":{"line":60,"column":6},"end":{"line":60,"column":115}},"24":{"start":{"line":63,"column":16},"end":{"line":63,"column":32}},"25":{"start":{"line":64,"column":24},"end":{"line":64,"column":53}},"26":{"start":{"line":66,"column":4},"end":{"line":68,"column":5}},"27":{"start":{"line":67,"column":6},"end":{"line":67,"column":90}},"28":{"start":{"line":70,"column":4},"end":{"line":72,"column":5}},"29":{"start":{"line":71,"column":6},"end":{"line":71,"column":86}},"30":{"start":{"line":75,"column":23},"end":{"line":75,"column":46}},"31":{"start":{"line":76,"column":21},"end":{"line":76,"column":55}},"32":{"start":{"line":78,"column":4},"end":{"line":84,"column":7}},"33":{"start":{"line":86,"column":4},"end":{"line":86,"column":26}},"34":{"start":{"line":89,"column":2},"end":{"line":89,"column":43}},"35":{"start":{"line":96,"column":0},"end":{"line":164,"column":2}},"36":{"start":{"line":97,"column":2},"end":{"line":97,"column":41}},"37":{"start":{"line":97,"column":29},"end":{"line":97,"column":41}},"38":{"start":{"line":100,"column":17},"end":{"line":100,"column":26}},"39":{"start":{"line":101,"column":2},"end":{"line":109,"column":3}},"40":{"start":{"line":102,"column":4},"end":{"line":108,"column":5}},"41":{"start":{"line":103,"column":6},"end":{"line":107,"column":7}},"42":{"start":{"line":104,"column":8},"end":{"line":106,"column":9}},"43":{"start":{"line":105,"column":10},"end":{"line":105,"column":89}},"44":{"start":{"line":111,"column":23},"end":{"line":111,"column":41}},"45":{"start":{"line":112,"column":2},"end":{"line":112,"column":40}},"46":{"start":{"line":112,"column":28},"end":{"line":112,"column":40}},"47":{"start":{"line":115,"column":15},"end":{"line":115,"column":61}},"48":{"start":{"line":116,"column":17},"end":{"line":116,"column":19}},"49":{"start":{"line":117,"column":2},"end":{"line":119,"column":3}},"50":{"start":{"line":118,"column":4},"end":{"line":118,"column":33}},"51":{"start":{"line":122,"column":20},"end":{"line":122,"column":115}},"52":{"start":{"line":125,"column":2},"end":{"line":161,"column":3}},"53":{"start":{"line":126,"column":24},"end":{"line":126,"column":25}},"54":{"start":{"line":127,"column":18},"end":{"line":127,"column":105}},"55":{"start":{"line":129,"column":4},"end":{"line":159,"column":5}},"56":{"start":{"line":130,"column":6},"end":{"line":158,"column":7}},"57":{"start":{"line":131,"column":20},"end":{"line":131,"column":86}},"58":{"start":{"line":132,"column":20},"end":{"line":132,"column":31}},"59":{"start":{"line":134,"column":28},"end":{"line":134,"column":29}},"60":{"start":{"line":137,"column":23},"end":{"line":137,"column":108}},"61":{"start":{"line":137,"column":43},"end":{"line":137,"column":107}},"62":{"start":{"line":138,"column":8},"end":{"line":142,"column":9}},"63":{"start":{"line":139,"column":10},"end":{"line":139,"column":42}},"64":{"start":{"line":140,"column":15},"end":{"line":142,"column":9}},"65":{"start":{"line":141,"column":10},"end":{"line":141,"column":36}},"66":{"start":{"line":144,"column":8},"end":{"line":157,"column":9}},"67":{"start":{"line":145,"column":22},"end":{"line":145,"column":43}},"68":{"start":{"line":146,"column":23},"end":{"line":146,"column":52}},"69":{"start":{"line":147,"column":29},"end":{"line":147,"column":45}},"70":{"start":{"line":148,"column":10},"end":{"line":154,"column":11}},"71":{"start":{"line":149,"column":12},"end":{"line":149,"column":67}},"72":{"start":{"line":150,"column":12},"end":{"line":150,"column":47}},"73":{"start":{"line":151,"column":12},"end":{"line":151,"column":47}},"74":{"start":{"line":153,"column":12},"end":{"line":153,"column":34}},"75":{"start":{"line":156,"column":10},"end":{"line":156,"column":32}},"76":{"start":{"line":160,"column":4},"end":{"line":160,"column":38}},"77":{"start":{"line":163,"column":2},"end":{"line":163,"column":14}}},"fnMap":{"0":{"name":"(anonymous_0)","decl":{"start":{"line":12,"column":27},"end":{"line":12,"column":28}},"loc":{"start":{"line":12,"column":77},"end":{"line":90,"column":1}},"line":12},"1":{"name":"(anonymous_1)","decl":{"start":{"line":18,"column":32},"end":{"line":18,"column":33}},"loc":{"start":{"line":18,"column":37},"end":{"line":18,"column":44}},"line":18},"2":{"name":"(anonymous_2)","decl":{"start":{"line":96,"column":31},"end":{"line":96,"column":32}},"loc":{"start":{"line":96,"column":47},"end":{"line":164,"column":1}},"line":96},"3":{"name":"(anonymous_3)","decl":{"start":{"line":137,"column":38},"end":{"line":137,"column":39}},"loc":{"start":{"line":137,"column":43},"end":{"line":137,"column":107}},"line":137}},"branchMap":{"0":{"loc":{"start":{"line":12,"column":46},"end":{"line":12,"column":72}},"type":"default-arg","locations":[{"start":{"line":12,"column":62},"end":{"line":12,"column":72}}],"line":12},"1":{"loc":{"start":{"line":13,"column":2},"end":{"line":15,"column":3}},"type":"if","locations":[{"start":{"line":13,"column":2},"end":{"line":15,"column":3}},{"start":{},"end":{}}],"line":13},"2":{"loc":{"start":{"line":13,"column":6},"end":{"line":13,"column":39}},"type":"binary-expr","locations":[{"start":{"line":13,"column":6},"end":{"line":13,"column":17}},{"start":{"line":13,"column":21},"end":{"line":13,"column":39}}],"line":13},"3":{"loc":{"start":{"line":50,"column":4},"end":{"line":52,"column":5}},"type":"if","locations":[{"start":{"line":50,"column":4},"end":{"line":52,"column":5}},{"start":{},"end":{}}],"line":50},"4":{"loc":{"start":{"line":55,"column":26},"end":{"line":57,"column":17}},"type":"cond-expr","locations":[{"start":{"line":56,"column":8},"end":{"line":56,"column":38}},{"start":{"line":57,"column":8},"end":{"line":57,"column":17}}],"line":55},"5":{"loc":{"start":{"line":59,"column":4},"end":{"line":61,"column":5}},"type":"if","locations":[{"start":{"line":59,"column":4},"end":{"line":61,"column":5}},{"start":{},"end":{}}],"line":59},"6":{"loc":{"start":{"line":59,"column":8},"end":{"line":59,"column":44}},"type":"binary-expr","locations":[{"start":{"line":59,"column":8},"end":{"line":59,"column":22}},{"start":{"line":59,"column":26},"end":{"line":59,"column":44}}],"line":59},"7":{"loc":{"start":{"line":60,"column":30},"end":{"line":60,"column":71}},"type":"binary-expr","locations":[{"start":{"line":60,"column":30},"end":{"line":60,"column":41}},{"start":{"line":60,"column":45},"end":{"line":60,"column":71}}],"line":60},"8":{"loc":{"start":{"line":64,"column":31},"end":{"line":64,"column":52}},"type":"binary-expr","locations":[{"start":{"line":64,"column":31},"end":{"line":64,"column":47}},{"start":{"line":64,"column":51},"end":{"line":64,"column":52}}],"line":64},"9":{"loc":{"start":{"line":66,"column":4},"end":{"line":68,"column":5}},"type":"if","locations":[{"start":{"line":66,"column":4},"end":{"line":68,"column":5}},{"start":{},"end":{}}],"line":66},"10":{"loc":{"start":{"line":70,"column":4},"end":{"line":72,"column":5}},"type":"if","locations":[{"start":{"line":70,"column":4},"end":{"line":72,"column":5}},{"start":{},"end":{}}],"line":70},"11":{"loc":{"start":{"line":70,"column":8},"end":{"line":70,"column":43}},"type":"binary-expr","locations":[{"start":{"line":70,"column":8},"end":{"line":70,"column":23}},{"start":{"line":70,"column":27},"end":{"line":70,"column":43}}],"line":70},"12":{"loc":{"start":{"line":97,"column":2},"end":{"line":97,"column":41}},"type":"if","locations":[{"start":{"line":97,"column":2},"end":{"line":97,"column":41}},{"start":{},"end":{}}],"line":97},"13":{"loc":{"start":{"line":97,"column":6},"end":{"line":97,"column":27}},"type":"binary-expr","locations":[{"start":{"line":97,"column":6},"end":{"line":97,"column":11}},{"start":{"line":97,"column":15},"end":{"line":97,"column":27}}],"line":97},"14":{"loc":{"start":{"line":102,"column":4},"end":{"line":108,"column":5}},"type":"if","locations":[{"start":{"line":102,"column":4},"end":{"line":108,"column":5}},{"start":{},"end":{}}],"line":102},"15":{"loc":{"start":{"line":104,"column":8},"end":{"line":106,"column":9}},"type":"if","locations":[{"start":{"line":104,"column":8},"end":{"line":106,"column":9}},{"start":{},"end":{}}],"line":104},"16":{"loc":{"start":{"line":105,"column":21},"end":{"line":105,"column":87}},"type":"cond-expr","locations":[{"start":{"line":105,"column":38},"end":{"line":105,"column":63}},{"start":{"line":105,"column":66},"end":{"line":105,"column":87}}],"line":105},"17":{"loc":{"start":{"line":112,"column":2},"end":{"line":112,"column":40}},"type":"if","locations":[{"start":{"line":112,"column":2},"end":{"line":112,"column":40}},{"start":{},"end":{}}],"line":112},"18":{"loc":{"start":{"line":127,"column":18},"end":{"line":127,"column":105}},"type":"cond-expr","locations":[{"start":{"line":127,"column":38},"end":{"line":127,"column":65}},{"start":{"line":127,"column":68},"end":{"line":127,"column":105}}],"line":127},"19":{"loc":{"start":{"line":127,"column":77},"end":{"line":127,"column":104}},"type":"binary-expr","locations":[{"start":{"line":127,"column":77},"end":{"line":127,"column":90}},{"start":{"line":127,"column":94},"end":{"line":127,"column":104}}],"line":127},"20":{"loc":{"start":{"line":129,"column":4},"end":{"line":159,"column":5}},"type":"if","locations":[{"start":{"line":129,"column":4},"end":{"line":159,"column":5}},{"start":{},"end":{}}],"line":129},"21":{"loc":{"start":{"line":129,"column":8},"end":{"line":129,"column":55}},"type":"binary-expr","locations":[{"start":{"line":129,"column":8},"end":{"line":129,"column":22}},{"start":{"line":129,"column":26},"end":{"line":129,"column":55}}],"line":129},"22":{"loc":{"start":{"line":131,"column":20},"end":{"line":131,"column":86}},"type":"cond-expr","locations":[{"start":{"line":131,"column":37},"end":{"line":131,"column":62}},{"start":{"line":131,"column":65},"end":{"line":131,"column":86}}],"line":131},"23":{"loc":{"start":{"line":137,"column":43},"end":{"line":137,"column":107}},"type":"binary-expr","locations":[{"start":{"line":137,"column":43},"end":{"line":137,"column":69}},{"start":{"line":137,"column":73},"end":{"line":137,"column":107}}],"line":137},"24":{"loc":{"start":{"line":138,"column":8},"end":{"line":142,"column":9}},"type":"if","locations":[{"start":{"line":138,"column":8},"end":{"line":142,"column":9}},{"start":{"line":140,"column":15},"end":{"line":142,"column":9}}],"line":138},"25":{"loc":{"start":{"line":140,"column":15},"end":{"line":142,"column":9}},"type":"if","locations":[{"start":{"line":140,"column":15},"end":{"line":142,"column":9}},{"start":{},"end":{}}],"line":140},"26":{"loc":{"start":{"line":144,"column":8},"end":{"line":157,"column":9}},"type":"if","locations":[{"start":{"line":144,"column":8},"end":{"line":157,"column":9}},{"start":{"line":155,"column":15},"end":{"line":157,"column":9}}],"line":144},"27":{"loc":{"start":{"line":145,"column":22},"end":{"line":145,"column":43}},"type":"binary-expr","locations":[{"start":{"line":145,"column":22},"end":{"line":145,"column":38}},{"start":{"line":145,"column":42},"end":{"line":145,"column":43}}],"line":145},"28":{"loc":{"start":{"line":146,"column":23},"end":{"line":146,"column":52}},"type":"binary-expr","locations":[{"start":{"line":146,"column":23},"end":{"line":146,"column":47}},{"start":{"line":146,"column":51},"end":{"line":146,"column":52}}],"line":146},"29":{"loc":{"start":{"line":148,"column":10},"end":{"line":154,"column":11}},"type":"if","locations":[{"start":{"line":148,"column":10},"end":{"line":154,"column":11}},{"start":{"line":152,"column":17},"end":{"line":154,"column":11}}],"line":148}},"s":{"0":2,"1":2,"2":2,"3":7,"4":0,"5":7,"6":7,"7":7,"8":7,"9":7,"10":7,"11":3,"12":7,"13":7,"14":7,"15":7,"16":7,"17":7,"18":7,"19":7,"20":0,"21":7,"22":7,"23":1,"24":6,"25":6,"26":6,"27":0,"28":6,"29":0,"30":6,"31":6,"32":6,"33":6,"34":6,"35":2,"36":2,"37":0,"38":2,"39":2,"40":10002,"41":10002,"42":10002,"43":10002,"44":2,"45":2,"46":0,"47":2,"48":2,"49":2,"50":1,"51":2,"52":2,"53":10002,"54":10002,"55":10002,"56":10002,"57":10002,"58":10002,"59":10002,"60":10002,"61":0,"62":10002,"63":0,"64":10002,"65":2,"66":10002,"67":2,"68":2,"69":2,"70":2,"71":2,"72":2,"73":2,"74":0,"75":10000,"76":10002,"77":2},"f":{"0":7,"1":7,"2":2,"3":0},"b":{"0":[1],"1":[0,7],"2":[7,7],"3":[0,7],"4":[3,4],"5":[1,6],"6":[7,6],"7":[1,0],"8":[6,5],"9":[0,6],"10":[0,6],"11":[6,6],"12":[0,2],"13":[2,2],"14":[10002,0],"15":[10002,0],"16":[10002,0],"17":[0,2],"18":[10002,0],"19":[0,0],"20":[10002,0],"21":[10002,10002],"22":[10002,0],"23":[0,0],"24":[0,10002],"25":[2,10000],"26":[2,10000],"27":[2,0],"28":[2,2],"29":[2,0]},"_coverageSchema":"1a1c01bbd47fc00a2c39e90264f33305004495a9","hash":"f9b0b53f1a87ea5710033104fae08710f2111a80"}
,"C:\\Users\\DELL\\.gemini\\antigravity\\scratch\\vms-project\\backend\\services\\llmService.js": {"path":"C:\\Users\\DELL\\.gemini\\antigravity\\scratch\\vms-project\\backend\\services\\llmService.js","statementMap":{"0":{"start":{"line":1,"column":31},"end":{"line":1,"column":63}},"1":{"start":{"line":2,"column":12},"end":{"line":2,"column":36}},"2":{"start":{"line":3,"column":17},"end":{"line":3,"column":46}},"3":{"start":{"line":4,"column":12},"end":{"line":4,"column":36}},"4":{"start":{"line":8,"column":4},"end":{"line":8,"column":22}},"5":{"start":{"line":9,"column":4},"end":{"line":9,"column":22}},"6":{"start":{"line":13,"column":4},"end":{"line":16,"column":5}},"7":{"start":{"line":14,"column":6},"end":{"line":14,"column":80}},"8":{"start":{"line":15,"column":6},"end":{"line":15,"column":13}},"9":{"start":{"line":17,"column":4},"end":{"line":17,"column":68}},"10":{"start":{"line":18,"column":4},"end":{"line":18,"column":78}},"11":{"start":{"line":22,"column":4},"end":{"line":22,"column":33}},"12":{"start":{"line":22,"column":21},"end":{"line":22,"column":33}},"13":{"start":{"line":23,"column":4},"end":{"line":25,"column":5}},"14":{"start":{"line":24,"column":6},"end":{"line":24,"column":118}},"15":{"start":{"line":27,"column":4},"end":{"line":102,"column":5}},"16":{"start":{"line":29,"column":27},"end":{"line":29,"column":29}},"17":{"start":{"line":30,"column":27},"end":{"line":30,"column":133}},"18":{"start":{"line":32,"column":6},"end":{"line":50,"column":7}},"19":{"start":{"line":33,"column":8},"end":{"line":49,"column":9}},"20":{"start":{"line":34,"column":10},"end":{"line":46,"column":11}},"21":{"start":{"line":35,"column":12},"end":{"line":35,"column":174}},"22":{"start":{"line":37,"column":26},"end":{"line":37,"column":53}},"23":{"start":{"line":38,"column":12},"end":{"line":45,"column":13}},"24":{"start":{"line":39,"column":26},"end":{"line":39,"column":90}},"25":{"start":{"line":40,"column":14},"end":{"line":44,"column":15}},"26":{"start":{"line":41,"column":16},"end":{"line":41,"column":94}},"27":{"start":{"line":43,"column":16},"end":{"line":43,"column":124}},"28":{"start":{"line":47,"column":15},"end":{"line":49,"column":9}},"29":{"start":{"line":48,"column":10},"end":{"line":48,"column":100}},"30":{"start":{"line":53,"column":32},"end":{"line":77,"column":1}},"31":{"start":{"line":82,"column":22},"end":{"line":82,"column":24}},"32":{"start":{"line":83,"column":6},"end":{"line":88,"column":7}},"33":{"start":{"line":84,"column":26},"end":{"line":84,"column":116}},"34":{"start":{"line":85,"column":8},"end":{"line":87,"column":9}},"35":{"start":{"line":86,"column":10},"end":{"line":86,"column":150}},"36":{"start":{"line":86,"column":104},"end":{"line":86,"column":131}},"37":{"start":{"line":90,"column":19},"end":{"line":90,"column":68}},"38":{"start":{"line":91,"column":6},"end":{"line":91,"column":194}},"39":{"start":{"line":91,"column":89},"end":{"line":91,"column":175}},"40":{"start":{"line":93,"column":26},"end":{"line":93,"column":102}},"41":{"start":{"line":95,"column":21},"end":{"line":95,"column":66}},"42":{"start":{"line":96,"column":27},"end":{"line":96,"column":49}},"43":{"start":{"line":98,"column":6},"end":{"line":98,"column":51}},"44":{"start":{"line":100,"column":6},"end":{"line":100,"column":49}},"45":{"start":{"line":101,"column":6},"end":{"line":101,"column":124}},"46":{"start":{"line":106,"column":0},"end":{"line":106,"column":34}}},"fnMap":{"0":{"name":"(anonymous_0)","decl":{"start":{"line":7,"column":2},"end":{"line":7,"column":3}},"loc":{"start":{"line":7,"column":16},"end":{"line":10,"column":3}},"line":7},"1":{"name":"(anonymous_1)","decl":{"start":{"line":12,"column":2},"end":{"line":12,"column":3}},"loc":{"start":{"line":12,"column":9},"end":{"line":19,"column":3}},"line":12},"2":{"name":"(anonymous_2)","decl":{"start":{"line":21,"column":2},"end":{"line":21,"column":3}},"loc":{"start":{"line":21,"column":35},"end":{"line":103,"column":3}},"line":21},"3":{"name":"(anonymous_3)","decl":{"start":{"line":86,"column":98},"end":{"line":86,"column":99}},"loc":{"start":{"line":86,"column":104},"end":{"line":86,"column":131}},"line":86},"4":{"name":"(anonymous_4)","decl":{"start":{"line":91,"column":83},"end":{"line":91,"column":84}},"loc":{"start":{"line":91,"column":89},"end":{"line":91,"column":175}},"line":91}},"branchMap":{"0":{"loc":{"start":{"line":13,"column":4},"end":{"line":16,"column":5}},"type":"if","locations":[{"start":{"line":13,"column":4},"end":{"line":16,"column":5}},{"start":{},"end":{}}],"line":13},"1":{"loc":{"start":{"line":22,"column":4},"end":{"line":22,"column":33}},"type":"if","locations":[{"start":{"line":22,"column":4},"end":{"line":22,"column":33}},{"start":{},"end":{}}],"line":22},"2":{"loc":{"start":{"line":23,"column":4},"end":{"line":25,"column":5}},"type":"if","locations":[{"start":{"line":23,"column":4},"end":{"line":25,"column":5}},{"start":{},"end":{}}],"line":23},"3":{"loc":{"start":{"line":30,"column":27},"end":{"line":30,"column":133}},"type":"binary-expr","locations":[{"start":{"line":30,"column":27},"end":{"line":30,"column":31}},{"start":{"line":30,"column":36},"end":{"line":30,"column":57}},{"start":{"line":30,"column":61},"end":{"line":30,"column":95}},{"start":{"line":30,"column":99},"end":{"line":30,"column":132}}],"line":30},"4":{"loc":{"start":{"line":32,"column":6},"end":{"line":50,"column":7}},"type":"if","locations":[{"start":{"line":32,"column":6},"end":{"line":50,"column":7}},{"start":{},"end":{}}],"line":32},"5":{"loc":{"start":{"line":32,"column":10},"end":{"line":32,"column":34}},"type":"binary-expr","locations":[{"start":{"line":32,"column":10},"end":{"line":32,"column":17}},{"start":{"line":32,"column":21},"end":{"line":32,"column":34}}],"line":32},"6":{"loc":{"start":{"line":33,"column":8},"end":{"line":49,"column":9}},"type":"if","locations":[{"start":{"line":33,"column":8},"end":{"line":49,"column":9}},{"start":{"line":47,"column":15},"end":{"line":49,"column":9}}],"line":33},"7":{"loc":{"start":{"line":34,"column":10},"end":{"line":46,"column":11}},"type":"if","locations":[{"start":{"line":34,"column":10},"end":{"line":46,"column":11}},{"start":{"line":36,"column":17},"end":{"line":46,"column":11}}],"line":34},"8":{"loc":{"start":{"line":38,"column":12},"end":{"line":45,"column":13}},"type":"if","locations":[{"start":{"line":38,"column":12},"end":{"line":45,"column":13}},{"start":{},"end":{}}],"line":38},"9":{"loc":{"start":{"line":38,"column":16},"end":{"line":38,"column":40}},"type":"binary-expr","locations":[{"start":{"line":38,"column":16},"end":{"line":38,"column":21}},{"start":{"line":38,"column":25},"end":{"line":38,"column":40}}],"line":38},"10":{"loc":{"start":{"line":40,"column":14},"end":{"line":44,"column":15}},"type":"if","locations":[{"start":{"line":40,"column":14},"end":{"line":44,"column":15}},{"start":{"line":42,"column":21},"end":{"line":44,"column":15}}],"line":40},"11":{"loc":{"start":{"line":47,"column":15},"end":{"line":49,"column":9}},"type":"if","locations":[{"start":{"line":47,"column":15},"end":{"line":49,"column":9}},{"start":{},"end":{}}],"line":47},"12":{"loc":{"start":{"line":83,"column":6},"end":{"line":88,"column":7}},"type":"if","locations":[{"start":{"line":83,"column":6},"end":{"line":88,"column":7}},{"start":{},"end":{}}],"line":83},"13":{"loc":{"start":{"line":83,"column":10},"end":{"line":83,"column":135}},"type":"binary-expr","locations":[{"start":{"line":83,"column":10},"end":{"line":83,"column":48}},{"start":{"line":83,"column":52},"end":{"line":83,"column":92}},{"start":{"line":83,"column":96},"end":{"line":83,"column":135}}],"line":83},"14":{"loc":{"start":{"line":85,"column":8},"end":{"line":87,"column":9}},"type":"if","locations":[{"start":{"line":85,"column":8},"end":{"line":87,"column":9}},{"start":{},"end":{}}],"line":85}},"s":{"0":1,"1":1,"2":1,"3":1,"4":1,"5":1,"6":2,"7":0,"8":0,"9":2,"10":2,"11":2,"12":0,"13":2,"14":0,"15":2,"16":2,"17":2,"18":2,"19":2,"20":2,"21":1,"22":1,"23":1,"24":0,"25":0,"26":0,"27":0,"28":0,"29":0,"30":2,"31":2,"32":2,"33":1,"34":1,"35":0,"36":0,"37":2,"38":2,"39":0,"40":2,"41":2,"42":2,"43":2,"44":0,"45":0,"46":1},"f":{"0":1,"1":2,"2":2,"3":0,"4":0},"b":{"0":[0,2],"1":[0,2],"2":[0,2],"3":[2,2,2,1],"4":[2,0],"5":[2,2],"6":[2,0],"7":[1,1],"8":[0,1],"9":[1,1],"10":[0,0],"11":[0,0],"12":[1,1],"13":[2,2,1],"14":[0,1]},"_coverageSchema":"1a1c01bbd47fc00a2c39e90264f33305004495a9","hash":"4ccfd26b642fcd5c13eb0dd01cc662d299ff946a"}
,"C:\\Users\\DELL\\.gemini\\antigravity\\scratch\\vms-project\\backend\\validators\\bomValidator.js": {"path":"C:\\Users\\DELL\\.gemini\\antigravity\\scratch\\vms-project\\backend\\validators\\bomValidator.js","statementMap":{"0":{"start":{"line":1,"column":0},"end":{"line":48,"column":2}},"1":{"start":{"line":2,"column":57},"end":{"line":2,"column":65}},"2":{"start":{"line":3,"column":17},"end":{"line":3,"column":19}},"3":{"start":{"line":5,"column":2},"end":{"line":7,"column":3}},"4":{"start":{"line":6,"column":4},"end":{"line":6,"column":71}},"5":{"start":{"line":9,"column":2},"end":{"line":11,"column":3}},"6":{"start":{"line":10,"column":4},"end":{"line":10,"column":57}},"7":{"start":{"line":13,"column":2},"end":{"line":15,"column":3}},"8":{"start":{"line":14,"column":4},"end":{"line":14,"column":42}},"9":{"start":{"line":17,"column":2},"end":{"line":41,"column":3}},"10":{"start":{"line":18,"column":4},"end":{"line":18,"column":62}},"11":{"start":{"line":21,"column":19},"end":{"line":21,"column":28}},"12":{"start":{"line":22,"column":4},"end":{"line":40,"column":7}},"13":{"start":{"line":23,"column":6},"end":{"line":30,"column":7}},"14":{"start":{"line":24,"column":8},"end":{"line":24,"column":82}},"15":{"start":{"line":26,"column":8},"end":{"line":28,"column":9}},"16":{"start":{"line":27,"column":10},"end":{"line":27,"column":70}},"17":{"start":{"line":29,"column":8},"end":{"line":29,"column":31}},"18":{"start":{"line":32,"column":6},"end":{"line":34,"column":7}},"19":{"start":{"line":33,"column":8},"end":{"line":33,"column":80}},"20":{"start":{"line":36,"column":19},"end":{"line":36,"column":48}},"21":{"start":{"line":37,"column":6},"end":{"line":39,"column":7}},"22":{"start":{"line":38,"column":8},"end":{"line":38,"column":83}},"23":{"start":{"line":43,"column":2},"end":{"line":45,"column":3}},"24":{"start":{"line":44,"column":4},"end":{"line":44,"column":77}},"25":{"start":{"line":47,"column":2},"end":{"line":47,"column":9}}},"fnMap":{"0":{"name":"(anonymous_0)","decl":{"start":{"line":1,"column":28},"end":{"line":1,"column":29}},"loc":{"start":{"line":1,"column":48},"end":{"line":48,"column":1}},"line":1},"1":{"name":"(anonymous_1)","decl":{"start":{"line":22,"column":23},"end":{"line":22,"column":24}},"loc":{"start":{"line":22,"column":40},"end":{"line":40,"column":5}},"line":22}},"branchMap":{"0":{"loc":{"start":{"line":5,"column":2},"end":{"line":7,"column":3}},"type":"if","locations":[{"start":{"line":5,"column":2},"end":{"line":7,"column":3}},{"start":{},"end":{}}],"line":5},"1":{"loc":{"start":{"line":9,"column":2},"end":{"line":11,"column":3}},"type":"if","locations":[{"start":{"line":9,"column":2},"end":{"line":11,"column":3}},{"start":{},"end":{}}],"line":9},"2":{"loc":{"start":{"line":9,"column":6},"end":{"line":9,"column":77}},"type":"binary-expr","locations":[{"start":{"line":9,"column":6},"end":{"line":9,"column":29}},{"start":{"line":9,"column":33},"end":{"line":9,"column":51}},{"start":{"line":9,"column":55},"end":{"line":9,"column":77}}],"line":9},"3":{"loc":{"start":{"line":13,"column":2},"end":{"line":15,"column":3}},"type":"if","locations":[{"start":{"line":13,"column":2},"end":{"line":15,"column":3}},{"start":{},"end":{}}],"line":13},"4":{"loc":{"start":{"line":13,"column":6},"end":{"line":13,"column":67}},"type":"binary-expr","locations":[{"start":{"line":13,"column":6},"end":{"line":13,"column":15}},{"start":{"line":13,"column":19},"end":{"line":13,"column":47}},{"start":{"line":13,"column":51},"end":{"line":13,"column":67}}],"line":13},"5":{"loc":{"start":{"line":17,"column":2},"end":{"line":41,"column":3}},"type":"if","locations":[{"start":{"line":17,"column":2},"end":{"line":41,"column":3}},{"start":{"line":19,"column":9},"end":{"line":41,"column":3}}],"line":17},"6":{"loc":{"start":{"line":17,"column":6},"end":{"line":17,"column":74}},"type":"binary-expr","locations":[{"start":{"line":17,"column":6},"end":{"line":17,"column":17}},{"start":{"line":17,"column":21},"end":{"line":17,"column":47}},{"start":{"line":17,"column":51},"end":{"line":17,"column":74}}],"line":17},"7":{"loc":{"start":{"line":23,"column":6},"end":{"line":30,"column":7}},"type":"if","locations":[{"start":{"line":23,"column":6},"end":{"line":30,"column":7}},{"start":{"line":25,"column":13},"end":{"line":30,"column":7}}],"line":23},"8":{"loc":{"start":{"line":26,"column":8},"end":{"line":28,"column":9}},"type":"if","locations":[{"start":{"line":26,"column":8},"end":{"line":28,"column":9}},{"start":{},"end":{}}],"line":26},"9":{"loc":{"start":{"line":32,"column":6},"end":{"line":34,"column":7}},"type":"if","locations":[{"start":{"line":32,"column":6},"end":{"line":34,"column":7}},{"start":{},"end":{}}],"line":32},"10":{"loc":{"start":{"line":32,"column":10},"end":{"line":32,"column":78}},"type":"binary-expr","locations":[{"start":{"line":32,"column":10},"end":{"line":32,"column":32}},{"start":{"line":32,"column":36},"end":{"line":32,"column":53}},{"start":{"line":32,"column":57},"end":{"line":32,"column":78}}],"line":32},"11":{"loc":{"start":{"line":36,"column":26},"end":{"line":36,"column":47}},"type":"binary-expr","locations":[{"start":{"line":36,"column":26},"end":{"line":36,"column":42}},{"start":{"line":36,"column":46},"end":{"line":36,"column":47}}],"line":36},"12":{"loc":{"start":{"line":37,"column":6},"end":{"line":39,"column":7}},"type":"if","locations":[{"start":{"line":37,"column":6},"end":{"line":39,"column":7}},{"start":{},"end":{}}],"line":37},"13":{"loc":{"start":{"line":37,"column":10},"end":{"line":37,"column":31}},"type":"binary-expr","locations":[{"start":{"line":37,"column":10},"end":{"line":37,"column":18}},{"start":{"line":37,"column":22},"end":{"line":37,"column":31}}],"line":37},"14":{"loc":{"start":{"line":43,"column":2},"end":{"line":45,"column":3}},"type":"if","locations":[{"start":{"line":43,"column":2},"end":{"line":45,"column":3}},{"start":{},"end":{}}],"line":43}},"s":{"0":1,"1":2,"2":2,"3":2,"4":0,"5":2,"6":0,"7":2,"8":0,"9":2,"10":0,"11":2,"12":2,"13":2,"14":0,"15":2,"16":0,"17":2,"18":2,"19":0,"20":2,"21":2,"22":0,"23":2,"24":0,"25":2},"f":{"0":2,"1":2},"b":{"0":[0,2],"1":[0,2],"2":[2,2,2],"3":[0,2],"4":[2,2,2],"5":[0,2],"6":[2,2,2],"7":[0,2],"8":[0,2],"9":[0,2],"10":[2,2,2],"11":[2,2],"12":[0,2],"13":[2,2],"14":[0,2]},"_coverageSchema":"1a1c01bbd47fc00a2c39e90264f33305004495a9","hash":"21d64fb74aa8c8cba5947bf50cef5ea8b1c16cdf"}
}
