TN:
SF:controllers\bomController.js
FN:8,(anonymous_0)
FN:27,(anonymous_1)
FN:45,(anonymous_2)
FN:74,(anonymous_3)
FN:83,(anonymous_4)
FN:118,(anonymous_5)
FN:151,(anonymous_6)
FN:225,(anonymous_7)
FN:251,(anonymous_8)
FN:287,(anonymous_9)
FNF:10
FNH:4
FNDA:0,(anonymous_0)
FNDA:0,(anonymous_1)
FNDA:0,(anonymous_2)
FNDA:1,(anonymous_3)
FNDA:1,(anonymous_4)
FNDA:1,(anonymous_5)
FNDA:1,(anonymous_6)
FNDA:0,(anonymous_7)
FNDA:0,(anonymous_8)
FNDA:0,(anonymous_9)
DA:1,1
DA:2,1
DA:3,1
DA:4,1
DA:8,1
DA:9,0
DA:10,0
DA:11,0
DA:13,0
DA:14,0
DA:16,0
DA:19,0
DA:25,0
DA:26,0
DA:27,0
DA:28,0
DA:29,0
DA:30,0
DA:35,0
DA:37,0
DA:39,0
DA:45,1
DA:46,0
DA:47,0
DA:58,0
DA:59,0
DA:63,0
DA:64,0
DA:66,0
DA:68,0
DA:74,1
DA:75,1
DA:76,1
DA:79,1
DA:80,1
DA:83,1
DA:89,1
DA:102,1
DA:110,1
DA:112,0
DA:118,1
DA:120,1
DA:121,1
DA:122,1
DA:123,1
DA:126,0
DA:129,1
DA:130,1
DA:132,1
DA:133,1
DA:134,0
DA:135,0
DA:139,1
DA:140,0
DA:141,0
DA:147,1
DA:150,1
DA:151,1
DA:172,1
DA:173,1
DA:174,1
DA:177,0
DA:190,0
DA:191,0
DA:192,0
DA:194,0
DA:202,0
DA:204,0
DA:205,0
DA:214,0
DA:216,1
DA:217,1
DA:219,1
DA:225,1
DA:226,0
DA:227,0
DA:228,0
DA:229,0
DA:232,0
DA:233,0
DA:234,0
DA:236,0
DA:243,0
DA:245,0
DA:251,1
DA:252,0
DA:253,0
DA:254,0
DA:255,0
DA:258,0
DA:271,0
DA:279,0
DA:281,0
DA:287,1
DA:288,0
DA:289,0
DA:290,0
DA:291,0
DA:293,0
DA:294,0
DA:295,0
DA:296,0
DA:297,0
DA:298,0
DA:301,0
DA:311,0
DA:313,0
DA:315,0
LF:108
LH:37
BRDA:13,0,0,0
BRDA:13,0,1,0
BRDA:13,1,0,0
BRDA:13,1,1,0
BRDA:25,2,0,0
BRDA:25,2,1,0
BRDA:25,3,0,0
BRDA:25,3,1,0
BRDA:28,4,0,0
BRDA:28,4,1,0
BRDA:29,5,0,0
BRDA:29,5,1,0
BRDA:30,6,0,0
BRDA:30,6,1,0
BRDA:58,7,0,0
BRDA:58,7,1,0
BRDA:79,8,0,0
BRDA:79,8,1,1
BRDA:95,9,0,1
BRDA:95,9,1,1
BRDA:98,10,0,1
BRDA:98,10,1,0
BRDA:99,11,0,1
BRDA:99,11,1,0
BRDA:105,12,0,1
BRDA:105,12,1,0
BRDA:106,13,0,1
BRDA:106,13,1,0
BRDA:106,13,2,0
BRDA:133,14,0,0
BRDA:133,14,1,1
BRDA:133,15,0,1
BRDA:133,15,1,1
BRDA:134,16,0,0
BRDA:134,16,1,0
BRDA:139,17,0,0
BRDA:139,17,1,1
BRDA:139,18,0,1
BRDA:139,18,1,1
BRDA:140,19,0,0
BRDA:140,19,1,0
BRDA:147,20,0,0
BRDA:147,20,1,1
BRDA:173,21,0,1
BRDA:173,21,1,0
BRDA:185,22,0,0
BRDA:185,22,1,0
BRDA:186,23,0,0
BRDA:186,23,1,0
BRDA:187,24,0,0
BRDA:187,24,1,0
BRDA:190,25,0,0
BRDA:190,25,1,0
BRDA:197,26,0,0
BRDA:197,26,1,0
BRDA:198,27,0,0
BRDA:198,27,1,0
BRDA:198,27,2,0
BRDA:208,28,0,0
BRDA:208,28,1,0
BRDA:209,29,0,0
BRDA:209,29,1,0
BRDA:209,29,2,0
BRDA:216,30,0,1
BRDA:216,30,1,0
BRDA:219,31,0,1
BRDA:219,31,1,0
BRDA:228,32,0,0
BRDA:228,32,1,0
BRDA:233,33,0,0
BRDA:233,33,1,0
BRDA:239,34,0,0
BRDA:239,34,1,0
BRDA:240,35,0,0
BRDA:240,35,1,0
BRDA:240,35,2,0
BRDA:254,36,0,0
BRDA:254,36,1,0
BRDA:267,37,0,0
BRDA:267,37,1,0
BRDA:268,38,0,0
BRDA:268,38,1,0
BRDA:274,39,0,0
BRDA:274,39,1,0
BRDA:275,40,0,0
BRDA:275,40,1,0
BRDA:275,40,2,0
BRDA:291,41,0,0
BRDA:291,41,1,0
BRDA:298,42,0,0
BRDA:298,42,1,0
BRF:91
BRH:17
end_of_record
TN:
SF:middleware\errorHandler.js
FN:1,(anonymous_0)
FNF:1
FNH:1
FNDA:1,(anonymous_0)
DA:1,1
DA:2,1
DA:4,1
DA:5,0
DA:12,1
DA:13,0
DA:20,1
LF:7
LH:5
BRDA:4,0,0,0
BRDA:4,0,1,1
BRDA:4,1,0,1
BRDA:4,1,1,1
BRDA:12,2,0,0
BRDA:12,2,1,1
BRF:6
BRH:4
end_of_record
TN:
SF:models\BOM.js
FN:41,(anonymous_0)
FNF:1
FNH:1
FNDA:6,(anonymous_0)
DA:1,3
DA:3,3
DA:23,3
DA:42,6
DA:79,3
DA:80,3
DA:81,3
DA:83,3
LF:8
LH:8
BRDA:42,0,0,6
BRDA:42,0,1,6
BRF:2
BRH:2
end_of_record
TN:
SF:models\BOMAuditLog.js
FNF:0
FNH:0
DA:1,1
DA:3,1
DA:29,1
DA:31,1
LF:4
LH:4
BRF:0
BRH:0
end_of_record
TN:
SF:models\MPN.js
FNF:0
FNH:0
DA:1,3
DA:3,3
DA:85,3
DA:87,3
LF:4
LH:4
BRF:0
BRH:0
end_of_record
TN:
SF:models\MPNPriceHistory.js
FNF:0
FNH:0
DA:1,2
DA:3,2
DA:31,2
DA:33,2
LF:4
LH:4
BRF:0
BRH:0
end_of_record
TN:
SF:models\Material.js
FNF:0
FNH:0
DA:1,2
DA:3,2
DA:53,2
LF:3
LH:3
BRF:0
BRH:0
end_of_record
TN:
SF:models\Vendor.js
FN:69,(anonymous_0)
FN:73,(anonymous_1)
FNF:2
FNH:1
FNDA:1,(anonymous_0)
FNDA:0,(anonymous_1)
DA:1,1
DA:3,1
DA:70,1
DA:71,0
DA:73,0
DA:159,1
LF:6
LH:4
BRDA:70,0,0,1
BRDA:70,0,1,0
BRDA:70,1,0,1
BRDA:70,1,1,0
BRF:4
BRH:2
end_of_record
TN:
SF:services\bomCostService.js
FN:12,(anonymous_0)
FN:18,(anonymous_1)
FN:96,(anonymous_2)
FN:137,(anonymous_3)
FNF:4
FNH:3
FNDA:7,(anonymous_0)
FNDA:7,(anonymous_1)
FNDA:2,(anonymous_2)
FNDA:0,(anonymous_3)
DA:1,2
DA:2,2
DA:12,2
DA:13,7
DA:14,0
DA:18,7
DA:19,7
DA:23,7
DA:34,7
DA:35,7
DA:36,3
DA:40,7
DA:41,7
DA:42,7
DA:45,7
DA:46,7
DA:48,7
DA:49,7
DA:50,7
DA:51,0
DA:55,7
DA:59,7
DA:60,1
DA:63,6
DA:64,6
DA:66,6
DA:67,0
DA:70,6
DA:71,0
DA:75,6
DA:76,6
DA:78,6
DA:86,6
DA:89,6
DA:96,2
DA:97,2
DA:100,2
DA:101,2
DA:102,10002
DA:103,10002
DA:104,10002
DA:105,10002
DA:111,2
DA:112,2
DA:115,2
DA:116,2
DA:117,2
DA:118,1
DA:122,2
DA:125,2
DA:126,10002
DA:127,10002
DA:129,10002
DA:130,10002
DA:131,10002
DA:132,10002
DA:134,10002
DA:137,10002
DA:138,10002
DA:139,0
DA:140,10002
DA:141,2
DA:144,10002
DA:145,2
DA:146,2
DA:147,2
DA:148,2
DA:149,2
DA:150,2
DA:151,2
DA:153,0
DA:156,10000
DA:160,10002
DA:163,2
LF:74
LH:68
BRDA:12,0,0,1
BRDA:13,1,0,0
BRDA:13,1,1,7
BRDA:13,2,0,7
BRDA:13,2,1,7
BRDA:50,3,0,0
BRDA:50,3,1,7
BRDA:55,4,0,3
BRDA:55,4,1,4
BRDA:59,5,0,1
BRDA:59,5,1,6
BRDA:59,6,0,7
BRDA:59,6,1,6
BRDA:60,7,0,1
BRDA:60,7,1,0
BRDA:64,8,0,6
BRDA:64,8,1,5
BRDA:66,9,0,0
BRDA:66,9,1,6
BRDA:70,10,0,0
BRDA:70,10,1,6
BRDA:70,11,0,6
BRDA:70,11,1,6
BRDA:97,12,0,0
BRDA:97,12,1,2
BRDA:97,13,0,2
BRDA:97,13,1,2
BRDA:102,14,0,10002
BRDA:102,14,1,0
BRDA:104,15,0,10002
BRDA:104,15,1,0
BRDA:105,16,0,10002
BRDA:105,16,1,0
BRDA:112,17,0,0
BRDA:112,17,1,2
BRDA:127,18,0,10002
BRDA:127,18,1,0
BRDA:127,19,0,0
BRDA:127,19,1,0
BRDA:129,20,0,10002
BRDA:129,20,1,0
BRDA:129,21,0,10002
BRDA:129,21,1,10002
BRDA:131,22,0,10002
BRDA:131,22,1,0
BRDA:137,23,0,0
BRDA:137,23,1,0
BRDA:138,24,0,0
BRDA:138,24,1,10002
BRDA:140,25,0,2
BRDA:140,25,1,10000
BRDA:144,26,0,2
BRDA:144,26,1,10000
BRDA:145,27,0,2
BRDA:145,27,1,0
BRDA:146,28,0,2
BRDA:146,28,1,2
BRDA:148,29,0,2
BRDA:148,29,1,0
BRF:59
BRH:39
end_of_record
TN:
SF:services\llmService.js
FN:7,(anonymous_0)
FN:12,(anonymous_1)
FN:21,(anonymous_2)
FN:86,(anonymous_3)
FN:91,(anonymous_4)
FNF:5
FNH:3
FNDA:1,(anonymous_0)
FNDA:2,(anonymous_1)
FNDA:2,(anonymous_2)
FNDA:0,(anonymous_3)
FNDA:0,(anonymous_4)
DA:1,1
DA:2,1
DA:3,1
DA:4,1
DA:8,1
DA:9,1
DA:13,2
DA:14,0
DA:15,0
DA:17,2
DA:18,2
DA:22,2
DA:23,2
DA:24,0
DA:27,2
DA:29,2
DA:30,2
DA:32,2
DA:33,2
DA:34,2
DA:35,1
DA:37,1
DA:38,1
DA:39,0
DA:40,0
DA:41,0
DA:43,0
DA:47,0
DA:48,0
DA:53,2
DA:82,2
DA:83,2
DA:84,1
DA:85,1
DA:86,0
DA:90,2
DA:91,2
DA:93,2
DA:95,2
DA:96,2
DA:98,2
DA:100,0
DA:101,0
DA:106,1
LF:44
LH:32
BRDA:13,0,0,0
BRDA:13,0,1,2
BRDA:22,1,0,0
BRDA:22,1,1,2
BRDA:23,2,0,0
BRDA:23,2,1,2
BRDA:30,3,0,2
BRDA:30,3,1,2
BRDA:30,3,2,2
BRDA:30,3,3,1
BRDA:32,4,0,2
BRDA:32,4,1,0
BRDA:32,5,0,2
BRDA:32,5,1,2
BRDA:33,6,0,2
BRDA:33,6,1,0
BRDA:34,7,0,1
BRDA:34,7,1,1
BRDA:38,8,0,0
BRDA:38,8,1,1
BRDA:38,9,0,1
BRDA:38,9,1,1
BRDA:40,10,0,0
BRDA:40,10,1,0
BRDA:47,11,0,0
BRDA:47,11,1,0
BRDA:83,12,0,1
BRDA:83,12,1,1
BRDA:83,13,0,2
BRDA:83,13,1,2
BRDA:83,13,2,1
BRDA:85,14,0,0
BRDA:85,14,1,1
BRF:33
BRH:22
end_of_record
TN:
SF:validators\bomValidator.js
FN:1,(anonymous_0)
FN:22,(anonymous_1)
FNF:2
FNH:2
FNDA:2,(anonymous_0)
FNDA:2,(anonymous_1)
DA:1,1
DA:2,2
DA:3,2
DA:5,2
DA:6,0
DA:9,2
DA:10,0
DA:13,2
DA:14,0
DA:17,2
DA:18,0
DA:21,2
DA:22,2
DA:23,2
DA:24,0
DA:26,2
DA:27,0
DA:29,2
DA:32,2
DA:33,0
DA:36,2
DA:37,2
DA:38,0
DA:43,2
DA:44,0
DA:47,2
LF:26
LH:17
BRDA:5,0,0,0
BRDA:5,0,1,2
BRDA:9,1,0,0
BRDA:9,1,1,2
BRDA:9,2,0,2
BRDA:9,2,1,2
BRDA:9,2,2,2
BRDA:13,3,0,0
BRDA:13,3,1,2
BRDA:13,4,0,2
BRDA:13,4,1,2
BRDA:13,4,2,2
BRDA:17,5,0,0
BRDA:17,5,1,2
BRDA:17,6,0,2
BRDA:17,6,1,2
BRDA:17,6,2,2
BRDA:23,7,0,0
BRDA:23,7,1,2
BRDA:26,8,0,0
BRDA:26,8,1,2
BRDA:32,9,0,0
BRDA:32,9,1,2
BRDA:32,10,0,2
BRDA:32,10,1,2
BRDA:32,10,2,2
BRDA:36,11,0,2
BRDA:36,11,1,2
BRDA:37,12,0,0
BRDA:37,12,1,2
BRDA:37,13,0,2
BRDA:37,13,1,2
BRDA:43,14,0,0
BRDA:43,14,1,2
BRF:34
BRH:25
end_of_record
